[19593:19703:1002/153231.611701:ERROR:bus.cc(392)] Failed to connect to the bus: Failed to connect to socket /tmp/dbus-ixdwMsFjCA: Connection refused
[19593:19703:1002/153231.611808:ERROR:bus.cc(392)] Failed to connect to the bus: Failed to connect to socket /tmp/dbus-ixdwMsFjCA: Connection refused
[19593:19703:1002/153231.629310:ERROR:bus.cc(392)] Failed to connect to the bus: Failed to connect to socket /tmp/dbus-ixdwMsFjCA: Connection refused
[19593:19703:1002/153231.629358:ERROR:bus.cc(392)] Failed to connect to the bus: Failed to connect to socket /tmp/dbus-ixdwMsFjCA: Connection refused
[19719:7:1002/153231.634132:WARNING:crashpad_client_linux.cc(306)] prctl: Invalid argument (22)
[19714:19714:1002/153231.648764:ERROR:gpu_init.cc(441)] Passthrough is not supported, GL is swiftshader
[19593:19732:1002/153231.722018:WARNING:external_pref_loader.cc(331)] You are using an old-style extension deployment method (external_extensions.json), which will soon be deprecated. (see http://developer.chrome.com/extensions/external_extensions.html)
[19593:19593:1002/153231.725404:WARNING:browser_main_loop.cc(271)] <unknown>: Couldn't connect to accessibility bus: Failed to connect to socket /tmp/dbus-ZAvxrYUX2Q: Connection refused
[19746:13:1002/153231.762852:WARNING:crashpad_client_linux.cc(306)] prctl: Invalid argument (22)
[19749:14:1002/153231.766184:WARNING:crashpad_client_linux.cc(306)] prctl: Invalid argument (22)
[19780:35:1002/153231.850758:WARNING:crashpad_client_linux.cc(306)] prctl: Invalid argument (22)
[19793:46:1002/153231.866898:WARNING:crashpad_client_linux.cc(306)] prctl: Invalid argument (22)
[19802:53:1002/153231.891125:WARNING:crashpad_client_linux.cc(306)] prctl: Invalid argument (22)
[19809:58:1002/153231.904616:WARNING:crashpad_client_linux.cc(306)] prctl: Invalid argument (22)
[19824:71:1002/153231.919342:WARNING:crashpad_client_linux.cc(306)] prctl: Invalid argument (22)
[19827:72:1002/153231.938074:WARNING:crashpad_client_linux.cc(306)] prctl: Invalid argument (22)
[19593:19703:1002/153232.337598:ERROR:bus.cc(392)] Failed to connect to the bus: Failed to connect to socket /tmp/dbus-ixdwMsFjCA: Connection refused
[19593:19703:1002/153232.337830:ERROR:bus.cc(392)] Failed to connect to the bus: Failed to connect to socket /tmp/dbus-ixdwMsFjCA: Connection refused
[19593:19735:1002/153233.250454:ERROR:bus.cc(392)] Failed to connect to the bus: Failed to connect to socket /tmp/dbus-ixdwMsFjCA: Connection refused
[19593:19593:1002/153233.250521:ERROR:object_proxy.cc(642)] Failed to call method: org.freedesktop.DBus.NameHasOwner: object_path= /org/freedesktop/DBus: unknown error type: 
[19593:19735:1002/153233.250579:ERROR:bus.cc(392)] Failed to connect to the bus: Failed to connect to socket /tmp/dbus-ixdwMsFjCA: Connection refused
[19593:19593:1002/153233.250601:ERROR:object_proxy.cc(642)] Failed to call method: org.freedesktop.DBus.NameHasOwner: object_path= /org/freedesktop/DBus: unknown error type: 
[19593:19735:1002/153233.250643:ERROR:bus.cc(392)] Failed to connect to the bus: Failed to connect to socket /tmp/dbus-ixdwMsFjCA: Connection refused
[19593:19593:1002/153233.250666:ERROR:object_proxy.cc(642)] Failed to call method: org.freedesktop.DBus.NameHasOwner: object_path= /org/freedesktop/DBus: unknown error type: 
[19593:19735:1002/153233.250706:ERROR:bus.cc(392)] Failed to connect to the bus: Failed to connect to socket /tmp/dbus-ixdwMsFjCA: Connection refused
[19593:19593:1002/153233.250723:ERROR:object_proxy.cc(642)] Failed to call method: org.freedesktop.DBus.NameHasOwner: object_path= /org/freedesktop/DBus: unknown error type: 
[19593:19735:1002/153233.250760:ERROR:bus.cc(392)] Failed to connect to the bus: Failed to connect to socket /tmp/dbus-ixdwMsFjCA: Connection refused
[19593:19593:1002/153233.250781:ERROR:object_proxy.cc(642)] Failed to call method: org.freedesktop.DBus.NameHasOwner: object_path= /org/freedesktop/DBus: unknown error type: 
[19593:19593:1002/153233.250787:WARNING:idle_linux.cc(110)] None of the known D-Bus ScreenSaver services could be used.
[19875:101:1002/153233.357405:WARNING:crashpad_client_linux.cc(306)] prctl: Invalid argument (22)
[19593:19593:1002/153233.737669:INFO:CONSOLE(0)] "Error in event handler: TypeError: Cannot read properties of undefined (reading 'postMessage')
    at logFunc (chrome-extension://nphlliopfobfddkbiohifpjfhljjpiob/background.js:11:14)
    at chrome.webRequest.onBeforeRequest.addListener.urls (chrome-extension://nphlliopfobfddkbiohifpjfhljjpiob/background.js:16:15)", source: chrome-extension://nphlliopfobfddkbiohifpjfhljjpiob/_generated_background_page.html (0)
[19593:19593:1002/153233.737754:INFO:CONSOLE(0)] "Error in event handler: TypeError: Cannot read properties of undefined (reading 'postMessage')
    at logFunc (chrome-extension://nphlliopfobfddkbiohifpjfhljjpiob/background.js:11:14)
    at chrome.webRequest.onSendHeaders.addListener.urls (chrome-extension://nphlliopfobfddkbiohifpjfhljjpiob/background.js:28:15)", source: chrome-extension://nphlliopfobfddkbiohifpjfhljjpiob/_generated_background_page.html (0)
[19593:19593:1002/153233.751400:INFO:CONSOLE(0)] "Error in event handler: TypeError: Cannot read properties of undefined (reading 'postMessage')
    at logFunc (chrome-extension://nphlliopfobfddkbiohifpjfhljjpiob/background.js:11:14)
    at chrome.webRequest.onBeforeRequest.addListener.urls (chrome-extension://nphlliopfobfddkbiohifpjfhljjpiob/background.js:16:15)", source: chrome-extension://nphlliopfobfddkbiohifpjfhljjpiob/_generated_background_page.html (0)
[19593:19593:1002/153233.751501:INFO:CONSOLE(0)] "Error in event handler: TypeError: Cannot read properties of undefined (reading 'postMessage')
    at logFunc (chrome-extension://nphlliopfobfddkbiohifpjfhljjpiob/background.js:11:14)
    at chrome.webRequest.onSendHeaders.addListener.urls (chrome-extension://nphlliopfobfddkbiohifpjfhljjpiob/background.js:28:15)", source: chrome-extension://nphlliopfobfddkbiohifpjfhljjpiob/_generated_background_page.html (0)
[19593:19593:1002/153233.751743:INFO:CONSOLE(128)] "Uncaught (in promise) Error: Could not establish connection. Receiving end does not exist.", source: chrome-extension://nehjjjagpkhikejmlaiffhpgaiphilng/polyfill.js (128)
[19593:19593:1002/153233.751787:INFO:CONSOLE(128)] "Uncaught (in promise) Error: Could not establish connection. Receiving end does not exist.", source: chrome-extension://nehjjjagpkhikejmlaiffhpgaiphilng/polyfill.js (128)
[19593:19593:1002/153233.756903:INFO:CONSOLE(0)] "Error in event handler: TypeError: Cannot read properties of undefined (reading 'postMessage')
    at logFunc (chrome-extension://nphlliopfobfddkbiohifpjfhljjpiob/background.js:11:14)
    at chrome.webRequest.onBeforeRequest.addListener.urls (chrome-extension://nphlliopfobfddkbiohifpjfhljjpiob/background.js:16:15)", source: chrome-extension://nphlliopfobfddkbiohifpjfhljjpiob/_generated_background_page.html (0)
[19593:19593:1002/153233.756948:INFO:CONSOLE(0)] "Error in event handler: TypeError: Cannot read properties of undefined (reading 'postMessage')
    at logFunc (chrome-extension://nphlliopfobfddkbiohifpjfhljjpiob/background.js:11:14)
    at chrome.webRequest.onSendHeaders.addListener.urls (chrome-extension://nphlliopfobfddkbiohifpjfhljjpiob/background.js:28:15)", source: chrome-extension://nphlliopfobfddkbiohifpjfhljjpiob/_generated_background_page.html (0)
[19593:19593:1002/153234.617883:INFO:CONSOLE(0)] "Error in event handler: TypeError: Cannot read properties of undefined (reading 'postMessage')
    at logFunc (chrome-extension://nphlliopfobfddkbiohifpjfhljjpiob/background.js:11:14)
    at chrome.webRequest.onBeforeRequest.addListener.urls (chrome-extension://nphlliopfobfddkbiohifpjfhljjpiob/background.js:16:15)", source: chrome-extension://nphlliopfobfddkbiohifpjfhljjpiob/_generated_background_page.html (0)
[19593:19593:1002/153234.617938:INFO:CONSOLE(0)] "Error in event handler: TypeError: Cannot read properties of undefined (reading 'postMessage')
    at logFunc (chrome-extension://nphlliopfobfddkbiohifpjfhljjpiob/background.js:11:14)
    at chrome.webRequest.onSendHeaders.addListener.urls (chrome-extension://nphlliopfobfddkbiohifpjfhljjpiob/background.js:28:15)", source: chrome-extension://nphlliopfobfddkbiohifpjfhljjpiob/_generated_background_page.html (0)
[19593:19593:1002/153234.618451:INFO:CONSOLE(0)] "Error in event handler: TypeError: Cannot read properties of undefined (reading 'postMessage')
    at logFunc (chrome-extension://nphlliopfobfddkbiohifpjfhljjpiob/background.js:11:14)
    at chrome.webRequest.onBeforeRequest.addListener.urls (chrome-extension://nphlliopfobfddkbiohifpjfhljjpiob/background.js:16:15)", source: chrome-extension://nphlliopfobfddkbiohifpjfhljjpiob/_generated_background_page.html (0)
[19593:19593:1002/153234.618540:INFO:CONSOLE(0)] "Error in event handler: TypeError: Cannot read properties of undefined (reading 'postMessage')
    at logFunc (chrome-extension://nphlliopfobfddkbiohifpjfhljjpiob/background.js:11:14)
    at chrome.webRequest.onSendHeaders.addListener.urls (chrome-extension://nphlliopfobfddkbiohifpjfhljjpiob/background.js:28:15)", source: chrome-extension://nphlliopfobfddkbiohifpjfhljjpiob/_generated_background_page.html (0)
[19593:19593:1002/153234.635420:INFO:CONSOLE(0)] "Error in event handler: TypeError: Cannot read properties of undefined (reading 'postMessage')
    at logFunc (chrome-extension://nphlliopfobfddkbiohifpjfhljjpiob/background.js:11:14)
    at chrome.webRequest.onBeforeRequest.addListener.urls (chrome-extension://nphlliopfobfddkbiohifpjfhljjpiob/background.js:16:15)", source: chrome-extension://nphlliopfobfddkbiohifpjfhljjpiob/_generated_background_page.html (0)
[19593:19593:1002/153234.635480:INFO:CONSOLE(0)] "Error in event handler: TypeError: Cannot read properties of undefined (reading 'postMessage')
    at logFunc (chrome-extension://nphlliopfobfddkbiohifpjfhljjpiob/background.js:11:14)
    at chrome.webRequest.onSendHeaders.addListener.urls (chrome-extension://nphlliopfobfddkbiohifpjfhljjpiob/background.js:28:15)", source: chrome-extension://nphlliopfobfddkbiohifpjfhljjpiob/_generated_background_page.html (0)
[19593:19593:1002/153234.635502:INFO:CONSOLE(0)] "Error in event handler: TypeError: Cannot read properties of undefined (reading 'postMessage')
    at logFunc (chrome-extension://nphlliopfobfddkbiohifpjfhljjpiob/background.js:11:14)
    at chrome.webRequest.onResponseStarted.addListener.urls (chrome-extension://nphlliopfobfddkbiohifpjfhljjpiob/background.js:22:15)", source: chrome-extension://nphlliopfobfddkbiohifpjfhljjpiob/_generated_background_page.html (0)
[19593:19593:1002/153235.823818:INFO:CONSOLE(0)] "Error in event handler: TypeError: Cannot read properties of undefined (reading 'postMessage')
    at logFunc (chrome-extension://nphlliopfobfddkbiohifpjfhljjpiob/background.js:11:14)
    at chrome.webRequest.onResponseStarted.addListener.urls (chrome-extension://nphlliopfobfddkbiohifpjfhljjpiob/background.js:22:15)", source: chrome-extension://nphlliopfobfddkbiohifpjfhljjpiob/_generated_background_page.html (0)
[19593:19593:1002/153235.824782:INFO:CONSOLE(0)] "Error in event handler: TypeError: Cannot read properties of undefined (reading 'postMessage')
    at logFunc (chrome-extension://nphlliopfobfddkbiohifpjfhljjpiob/background.js:11:14)
    at chrome.webRequest.onCompleted.addListener.urls (chrome-extension://nphlliopfobfddkbiohifpjfhljjpiob/background.js:34:15)", source: chrome-extension://nphlliopfobfddkbiohifpjfhljjpiob/_generated_background_page.html (0)
[19593:19593:1002/153237.225918:INFO:CONSOLE(0)] "Error in event handler: TypeError: Cannot read properties of undefined (reading 'postMessage')
    at logFunc (chrome-extension://nphlliopfobfddkbiohifpjfhljjpiob/background.js:11:14)
    at chrome.webRequest.onResponseStarted.addListener.urls (chrome-extension://nphlliopfobfddkbiohifpjfhljjpiob/background.js:22:15)", source: chrome-extension://nphlliopfobfddkbiohifpjfhljjpiob/_generated_background_page.html (0)
[19593:19593:1002/153237.315911:INFO:CONSOLE(0)] "Error in event handler: TypeError: Cannot read properties of undefined (reading 'postMessage')
    at logFunc (chrome-extension://nphlliopfobfddkbiohifpjfhljjpiob/background.js:11:14)
    at chrome.webRequest.onResponseStarted.addListener.urls (chrome-extension://nphlliopfobfddkbiohifpjfhljjpiob/background.js:22:15)", source: chrome-extension://nphlliopfobfddkbiohifpjfhljjpiob/_generated_background_page.html (0)
[19593:19593:1002/153237.514465:INFO:CONSOLE(0)] "Error in event handler: TypeError: Cannot read properties of undefined (reading 'postMessage')
    at logFunc (chrome-extension://nphlliopfobfddkbiohifpjfhljjpiob/background.js:11:14)
    at chrome.webRequest.onCompleted.addListener.urls (chrome-extension://nphlliopfobfddkbiohifpjfhljjpiob/background.js:34:15)", source: chrome-extension://nphlliopfobfddkbiohifpjfhljjpiob/_generated_background_page.html (0)
[19945:108:1002/153237.785562:WARNING:crashpad_client_linux.cc(306)] prctl: Invalid argument (22)
[19953:114:1002/153237.798490:WARNING:crashpad_client_linux.cc(306)] prctl: Invalid argument (22)
[19961:120:1002/153237.811572:WARNING:crashpad_client_linux.cc(306)] prctl: Invalid argument (22)
[19969:126:1002/153237.835738:WARNING:crashpad_client_linux.cc(306)] prctl: Invalid argument (22)
[19593:19593:1002/153238.179641:INFO:CONSOLE(0)] "Error in event handler: TypeError: Cannot read properties of undefined (reading 'postMessage')
    at logFunc (chrome-extension://nphlliopfobfddkbiohifpjfhljjpiob/background.js:11:14)
    at chrome.webRequest.onResponseStarted.addListener.urls (chrome-extension://nphlliopfobfddkbiohifpjfhljjpiob/background.js:22:15)", source: chrome-extension://nphlliopfobfddkbiohifpjfhljjpiob/_generated_background_page.html (0)
[19593:19593:1002/153238.270217:INFO:CONSOLE(0)] "Error in event handler: TypeError: Cannot read properties of undefined (reading 'postMessage')
    at logFunc (chrome-extension://nphlliopfobfddkbiohifpjfhljjpiob/background.js:11:14)
    at chrome.webRequest.onCompleted.addListener.urls (chrome-extension://nphlliopfobfddkbiohifpjfhljjpiob/background.js:34:15)", source: chrome-extension://nphlliopfobfddkbiohifpjfhljjpiob/_generated_background_page.html (0)
[19977:132:1002/153238.561258:WARNING:crashpad_client_linux.cc(306)] prctl: Invalid argument (22)
[19985:138:1002/153238.577058:WARNING:crashpad_client_linux.cc(306)] prctl: Invalid argument (22)
[19993:144:1002/153238.583861:WARNING:crashpad_client_linux.cc(306)] prctl: Invalid argument (22)
[20001:150:1002/153238.612866:WARNING:crashpad_client_linux.cc(306)] prctl: Invalid argument (22)
[20014:155:1002/153239.337647:WARNING:crashpad_client_linux.cc(306)] prctl: Invalid argument (22)
[20022:161:1002/153239.354232:WARNING:crashpad_client_linux.cc(306)] prctl: Invalid argument (22)
[20030:167:1002/153239.362958:WARNING:crashpad_client_linux.cc(306)] prctl: Invalid argument (22)
[20038:173:1002/153239.390127:WARNING:crashpad_client_linux.cc(306)] prctl: Invalid argument (22)
[20048:178:1002/153240.072214:WARNING:crashpad_client_linux.cc(306)] prctl: Invalid argument (22)
[20056:184:1002/153240.083415:WARNING:crashpad_client_linux.cc(306)] prctl: Invalid argument (22)
[20064:190:1002/153240.093477:WARNING:crashpad_client_linux.cc(306)] prctl: Invalid argument (22)
[20071:195:1002/153240.122264:WARNING:crashpad_client_linux.cc(306)] prctl: Invalid argument (22)
[19593:19593:1002/153240.665623:INFO:CONSOLE(0)] "Error in event handler: TypeError: Cannot read properties of undefined (reading 'postMessage')
    at logFunc (chrome-extension://nphlliopfobfddkbiohifpjfhljjpiob/background.js:11:14)
    at chrome.webRequest.onCompleted.addListener.urls (chrome-extension://nphlliopfobfddkbiohifpjfhljjpiob/background.js:34:15)", source: chrome-extension://nphlliopfobfddkbiohifpjfhljjpiob/_generated_background_page.html (0)
[20078:200:1002/153240.668190:WARNING:crashpad_client_linux.cc(306)] prctl: Invalid argument (22)
[20086:206:1002/153240.683216:WARNING:crashpad_client_linux.cc(306)] prctl: Invalid argument (22)
[20094:211:1002/153240.699585:WARNING:crashpad_client_linux.cc(306)] prctl: Invalid argument (22)
[20102:217:1002/153240.724163:WARNING:crashpad_client_linux.cc(306)] prctl: Invalid argument (22)
[20133:223:1002/153247.194032:WARNING:crashpad_client_linux.cc(306)] prctl: Invalid argument (22)
[20141:229:1002/153247.211418:WARNING:crashpad_client_linux.cc(306)] prctl: Invalid argument (22)
[20148:234:1002/153247.223262:WARNING:crashpad_client_linux.cc(306)] prctl: Invalid argument (22)
[20156:240:1002/153247.256560:WARNING:crashpad_client_linux.cc(306)] prctl: Invalid argument (22)
[20164:246:1002/153247.285108:WARNING:crashpad_client_linux.cc(306)] prctl: Invalid argument (22)
[20177:257:1002/153249.071764:WARNING:crashpad_client_linux.cc(306)] prctl: Invalid argument (22)
[20185:263:1002/153249.089309:WARNING:crashpad_client_linux.cc(306)] prctl: Invalid argument (22)
[20193:269:1002/153249.099206:WARNING:crashpad_client_linux.cc(306)] prctl: Invalid argument (22)
[20201:275:1002/153249.131978:WARNING:crashpad_client_linux.cc(306)] prctl: Invalid argument (22)
[20209:281:1002/153249.162806:WARNING:crashpad_client_linux.cc(306)] prctl: Invalid argument (22)
[20232:292:1002/153249.700854:WARNING:crashpad_client_linux.cc(306)] prctl: Invalid argument (22)
[20240:298:1002/153249.716764:WARNING:crashpad_client_linux.cc(306)] prctl: Invalid argument (22)
[20247:303:1002/153249.728158:WARNING:crashpad_client_linux.cc(306)] prctl: Invalid argument (22)
[20254:308:1002/153249.750299:WARNING:crashpad_client_linux.cc(306)] prctl: Invalid argument (22)
[19593:19593:1002/153253.933933:INFO:CONSOLE(0)] "Error in event handler: TypeError: Cannot read properties of undefined (reading 'postMessage')
    at logFunc (chrome-extension://nphlliopfobfddkbiohifpjfhljjpiob/background.js:11:14)
    at chrome.webRequest.onCompleted.addListener.urls (chrome-extension://nphlliopfobfddkbiohifpjfhljjpiob/background.js:34:15)", source: chrome-extension://nphlliopfobfddkbiohifpjfhljjpiob/_generated_background_page.html (0)
[19593:19593:1002/153253.985977:INFO:CONSOLE(0)] "Error in event handler: TypeError: Cannot read properties of undefined (reading 'postMessage')
    at logFunc (chrome-extension://nphlliopfobfddkbiohifpjfhljjpiob/background.js:11:14)
    at chrome.webRequest.onBeforeRequest.addListener.urls (chrome-extension://nphlliopfobfddkbiohifpjfhljjpiob/background.js:16:15)", source: chrome-extension://nphlliopfobfddkbiohifpjfhljjpiob/_generated_background_page.html (0)
[19593:19593:1002/153253.988295:INFO:CONSOLE(0)] "Error in event handler: TypeError: Cannot read properties of undefined (reading 'postMessage')
    at logFunc (chrome-extension://nphlliopfobfddkbiohifpjfhljjpiob/background.js:11:14)
    at chrome.webRequest.onSendHeaders.addListener.urls (chrome-extension://nphlliopfobfddkbiohifpjfhljjpiob/background.js:28:15)", source: chrome-extension://nphlliopfobfddkbiohifpjfhljjpiob/_generated_background_page.html (0)
[19593:19593:1002/153253.992586:INFO:CONSOLE(0)] "Error in event handler: TypeError: Cannot read properties of undefined (reading 'postMessage')
    at logFunc (chrome-extension://nphlliopfobfddkbiohifpjfhljjpiob/background.js:11:14)
    at chrome.webRequest.onBeforeRequest.addListener.urls (chrome-extension://nphlliopfobfddkbiohifpjfhljjpiob/background.js:16:15)", source: chrome-extension://nphlliopfobfddkbiohifpjfhljjpiob/_generated_background_page.html (0)
[19593:19593:1002/153253.992644:INFO:CONSOLE(0)] "Error in event handler: TypeError: Cannot read properties of undefined (reading 'postMessage')
    at logFunc (chrome-extension://nphlliopfobfddkbiohifpjfhljjpiob/background.js:11:14)
    at chrome.webRequest.onSendHeaders.addListener.urls (chrome-extension://nphlliopfobfddkbiohifpjfhljjpiob/background.js:28:15)", source: chrome-extension://nphlliopfobfddkbiohifpjfhljjpiob/_generated_background_page.html (0)
[19593:19593:1002/153254.035636:INFO:CONSOLE(0)] "Error in event handler: TypeError: Cannot read properties of undefined (reading 'postMessage')
    at logFunc (chrome-extension://nphlliopfobfddkbiohifpjfhljjpiob/background.js:11:14)
    at chrome.webRequest.onBeforeRequest.addListener.urls (chrome-extension://nphlliopfobfddkbiohifpjfhljjpiob/background.js:16:15)", source: chrome-extension://nphlliopfobfddkbiohifpjfhljjpiob/_generated_background_page.html (0)
[19593:19593:1002/153254.035694:INFO:CONSOLE(0)] "Error in event handler: TypeError: Cannot read properties of undefined (reading 'postMessage')
    at logFunc (chrome-extension://nphlliopfobfddkbiohifpjfhljjpiob/background.js:11:14)
    at chrome.webRequest.onSendHeaders.addListener.urls (chrome-extension://nphlliopfobfddkbiohifpjfhljjpiob/background.js:28:15)", source: chrome-extension://nphlliopfobfddkbiohifpjfhljjpiob/_generated_background_page.html (0)
[19593:19593:1002/153254.075812:INFO:CONSOLE(0)] "Error in event handler: TypeError: Cannot read properties of undefined (reading 'postMessage')
    at logFunc (chrome-extension://nphlliopfobfddkbiohifpjfhljjpiob/background.js:11:14)
    at chrome.webRequest.onBeforeRequest.addListener.urls (chrome-extension://nphlliopfobfddkbiohifpjfhljjpiob/background.js:16:15)", source: chrome-extension://nphlliopfobfddkbiohifpjfhljjpiob/_generated_background_page.html (0)
[19593:19593:1002/153254.075864:INFO:CONSOLE(0)] "Error in event handler: TypeError: Cannot read properties of undefined (reading 'postMessage')
    at logFunc (chrome-extension://nphlliopfobfddkbiohifpjfhljjpiob/background.js:11:14)
    at chrome.webRequest.onSendHeaders.addListener.urls (chrome-extension://nphlliopfobfddkbiohifpjfhljjpiob/background.js:28:15)", source: chrome-extension://nphlliopfobfddkbiohifpjfhljjpiob/_generated_background_page.html (0)
[19593:19593:1002/153254.093820:INFO:CONSOLE(128)] "Uncaught (in promise) Error: Could not establish connection. Receiving end does not exist.", source: chrome-extension://nehjjjagpkhikejmlaiffhpgaiphilng/polyfill.js (128)
[19593:19593:1002/153254.128187:INFO:CONSOLE(0)] "Error in event handler: TypeError: Cannot read properties of undefined (reading 'postMessage')
    at logFunc (chrome-extension://nphlliopfobfddkbiohifpjfhljjpiob/background.js:11:14)
    at chrome.webRequest.onResponseStarted.addListener.urls (chrome-extension://nphlliopfobfddkbiohifpjfhljjpiob/background.js:22:15)", source: chrome-extension://nphlliopfobfddkbiohifpjfhljjpiob/_generated_background_page.html (0)
[19593:19593:1002/153254.197790:INFO:CONSOLE(1)] "CONTENT SCRIPT", source: chrome-extension://nphlliopfobfddkbiohifpjfhljjpiob/content.js (1)
[19593:19593:1002/153254.345875:INFO:CONSOLE(36)] "RESPONSE_STARTED 1633168974344 {"frameId":0,"fromCache":false,"initiator":"https://www.youtube.com","ip":"172.217.160.206","method":"POST","parentFrameId":-1,"requestId":"67","statusCode":204,"statusLine":"HTTP/1.1 204","tabId":2,"timeStamp":1633168974343.958,"type":"ping","url":"https://www.youtube.com/api/stats/qoe?event=streamingstats&cpn=T1NHLKpebY9U2XuV&el=embedded&docid=O6Iiy_YOe4Y&ns=yt&fexp=23858057%2C23940247%2C23983296%2C24001373%2C24002022%2C24002025%2C24002923%2C24004644%2C24007246%2C24064555%2C24080738%2C24082662%2C24089463%2C24094796%2C24101842%2C24108400&cl=399829848&seq=1&cbr=Chrome&cbrver=93.0.4577.63&c=WEB_EMBEDDED_PLAYER&cver=1.20210928.1.1&cplayer=UNIPLAYER&cos=X11&cplatform=DESKTOP&vps=0.000:N,0.000:ER&cmt=0.000:0.000,0.000:0.000&error=0.000:auth:0.000:0;a6s.0&vis=0.000:0&bh=0.000:0.000"}", source: chrome-extension://nphlliopfobfddkbiohifpjfhljjpiob/content.js (36)
[19593:19593:1002/153254.345974:INFO:CONSOLE(36)] "COMPLETE 1633168974344 {"frameId":0,"fromCache":false,"initiator":"https://www.youtube.com","ip":"172.217.160.206","method":"GET","parentFrameId":-1,"requestId":"68","responseHeaders":[{"name":"accept-ranges","value":"bytes"},{"name":"vary","value":"Accept-Encoding, Origin"},{"name":"content-encoding","value":"br"},{"name":"content-type","value":"text/javascript"},{"name":"cross-origin-resource-policy","value":"cross-origin"},{"name":"cross-origin-opener-policy-report-only","value":"same-origin; report-to=\"youtube\""},{"name":"report-to","value":"{\"group\":\"youtube\",\"max_age\":2592000,\"endpoints\":[{\"url\":\"https://csp.withgoogle.com/csp/report-to/youtube\"}]}"},{"name":"content-length","value":"7318"},{"name":"date","value":"Thu, 30 Sep 2021 05:29:30 GMT"},{"name":"expires","value":"Fri, 30 Sep 2022 05:29:30 GMT"},{"name":"last-modified","value":"Thu, 30 Sep 2021 03:09:04 GMT"},{"name":"x-content-type-options","value":"nosniff"},{"name":"server","value":"sffe"},{"name":"x-xss-protection","value":"0"},{"name":"cache-control","value":"public, max-age=31536000"},{"name":"age","value":"189204"},{"name":"alt-svc","value":"h3=\":443\"; ma=2592000,h3-29=\":443\"; ma=2592000,h3-T051=\":443\"; ma=2592000,h3-Q050=\":443\"; ma=2592000,h3-Q046=\":443\"; ma=2592000,h3-Q043=\":443\"; ma=2592000,quic=\":443\"; ma=2592000; v=\"46,43\""}],"statusCode":200,"statusLine":"HTTP/1.1 200","tabId":2,"timeStamp":1633168974344.299,"type":"script","url":"https://www.youtube.com/s/player/9fd4fd09/player_ias.vflset/en_GB/embed.js"}", source: chrome-extension://nphlliopfobfddkbiohifpjfhljjpiob/content.js (36)
[19593:19593:1002/153254.346121:INFO:CONSOLE(36)] "COMPLETE 1633168974344 {"frameId":0,"fromCache":false,"initiator":"https://www.youtube.com","ip":"172.217.160.206","method":"POST","parentFrameId":-1,"requestId":"67","responseHeaders":[{"name":"content-type","value":"text/html; charset=UTF-8"},{"name":"date","value":"Sat, 02 Oct 2021 10:02:54 GMT"},{"name":"pragma","value":"no-cache"},{"name":"expires","value":"Fri, 01 Jan 1990 00:00:00 GMT"},{"name":"cache-control","value":"no-cache, must-revalidate"},{"name":"access-control-allow-origin","value":"https://www.youtube.com"},{"name":"access-control-allow-credentials","value":"true"},{"name":"x-content-type-options","value":"nosniff"},{"name":"server","value":"Video Stats Server"},{"name":"content-length","value":"0"},{"name":"x-xss-protection","value":"0"},{"name":"x-frame-options","value":"SAMEORIGIN"},{"name":"alt-svc","value":"h3=\":443\"; ma=2592000,h3-29=\":443\"; ma=2592000,h3-T051=\":443\"; ma=2592000,h3-Q050=\":443\"; ma=2592000,h3-Q046=\":443\"; ma=2592000,h3-Q043=\":443\"; ma=2592000,quic=\":443\"; ma=2592000; v=\"46,43\""}],"statusCode":204,"statusLine":"HTTP/1.1 204","tabId":2,"timeStamp":1633168974344.7112,"type":"ping","url":"https://www.youtube.com/api/stats/qoe?event=streamingstats&cpn=T1NHLKpebY9U2XuV&el=embedded&docid=O6Iiy_YOe4Y&ns=yt&fexp=23858057%2C23940247%2C23983296%2C24001373%2C24002022%2C24002025%2C24002923%2C24004644%2C24007246%2C24064555%2C24080738%2C24082662%2C24089463%2C24094796%2C24101842%2C24108400&cl=399829848&seq=1&cbr=Chrome&cbrver=93.0.4577.63&c=WEB_EMBEDDED_PLAYER&cver=1.20210928.1.1&cplayer=UNIPLAYER&cos=X11&cplatform=DESKTOP&vps=0.000:N,0.000:ER&cmt=0.000:0.000,0.000:0.000&error=0.000:auth:0.000:0;a6s.0&vis=0.000:0&bh=0.000:0.000"}", source: chrome-extension://nphlliopfobfddkbiohifpjfhljjpiob/content.js (36)
[19593:19593:1002/153254.380166:INFO:CONSOLE(36)] "BEFORE_REQUEST 1633168974379 {"frameId":0,"initiator":"https://www.youtube.com","method":"GET","parentFrameId":-1,"requestId":"65","tabId":2,"timeStamp":1633168974379.386,"type":"xmlhttprequest","url":"https://googleads.g.doubleclick.net/pagead/id?slf_rd=1"}", source: chrome-extension://nphlliopfobfddkbiohifpjfhljjpiob/content.js (36)
[19593:19593:1002/153254.380291:INFO:CONSOLE(36)] "SEND_HEADERS 1633168974379 {"frameId":0,"initiator":"https://www.youtube.com","method":"GET","parentFrameId":-1,"requestId":"65","tabId":2,"timeStamp":1633168974379.436,"type":"xmlhttprequest","url":"https://googleads.g.doubleclick.net/pagead/id?slf_rd=1"}", source: chrome-extension://nphlliopfobfddkbiohifpjfhljjpiob/content.js (36)
[19593:19593:1002/153254.421495:INFO:CONSOLE(36)] "RESPONSE_STARTED 1633168974416 {"frameId":0,"fromCache":false,"initiator":"https://www.youtube.com","ip":"142.250.183.70","method":"GET","parentFrameId":-1,"requestId":"66","statusCode":200,"statusLine":"HTTP/1.1 200","tabId":2,"timeStamp":1633168974415.7131,"type":"script","url":"https://static.doubleclick.net/instream/ad_status.js"}", source: chrome-extension://nphlliopfobfddkbiohifpjfhljjpiob/content.js (36)
[19593:19593:1002/153254.421539:INFO:CONSOLE(36)] "COMPLETE 1633168974416 {"frameId":0,"fromCache":false,"initiator":"https://www.youtube.com","ip":"142.250.183.70","method":"GET","parentFrameId":-1,"requestId":"66","responseHeaders":[{"name":"accept-ranges","value":"bytes"},{"name":"content-type","value":"text/javascript"},{"name":"access-control-allow-origin","value":"*"},{"name":"cross-origin-resource-policy","value":"cross-origin"},{"name":"cross-origin-opener-policy-report-only","value":"same-origin; report-to=\"ads-doubleclick-media\""},{"name":"report-to","value":"{\"group\":\"ads-doubleclick-media\",\"max_age\":2592000,\"endpoints\":[{\"url\":\"https://csp.withgoogle.com/csp/report-to/ads-doubleclick-media\"}]}"},{"name":"timing-allow-origin","value":"*"},{"name":"content-length","value":"29"},{"name":"date","value":"Sat, 02 Oct 2021 09:51:49 GMT"},{"name":"expires","value":"Sat, 02 Oct 2021 10:06:49 GMT"},{"name":"last-modified","value":"Thu, 12 Dec 2013 23:40:16 GMT"},{"name":"x-content-type-options","value":"nosniff"},{"name":"server","value":"sffe"},{"name":"x-xss-protection","value":"0"},{"name":"age","value":"665"},{"name":"cache-control","value":"public, max-age=900"},{"name":"alt-svc","value":"h3=\":443\"; ma=2592000,h3-29=\":443\"; ma=2592000,h3-T051=\":443\"; ma=2592000,h3-Q050=\":443\"; ma=2592000,h3-Q046=\":443\"; ma=2592000,h3-Q043=\":443\"; ma=2592000,quic=\":443\"; ma=2592000; v=\"46,43\""}],"statusCode":200,"statusLine":"HTTP/1.1 200","tabId":2,"timeStamp":1633168974415.8398,"type":"script","url":"https://static.doubleclick.net/instream/ad_status.js"}", source: chrome-extension://nphlliopfobfddkbiohifpjfhljjpiob/content.js (36)
[19593:19593:1002/153254.423243:INFO:CONSOLE(36)] "BEFORE_REQUEST 1633168974422 {"frameId":0,"initiator":"https://www.youtube.com","method":"GET","parentFrameId":-1,"requestId":"69","tabId":2,"timeStamp":1633168974422.2268,"type":"image","url":"https://www.youtube.com/favicon.ico"}", source: chrome-extension://nphlliopfobfddkbiohifpjfhljjpiob/content.js (36)
[19593:19593:1002/153254.423275:INFO:CONSOLE(36)] "SEND_HEADERS 1633168974422 {"frameId":0,"initiator":"https://www.youtube.com","method":"GET","parentFrameId":-1,"requestId":"69","tabId":2,"timeStamp":1633168974422.2668,"type":"image","url":"https://www.youtube.com/favicon.ico"}", source: chrome-extension://nphlliopfobfddkbiohifpjfhljjpiob/content.js (36)
[19593:19593:1002/153254.471909:INFO:CONSOLE(36)] "RESPONSE_STARTED 1633168974470 {"frameId":0,"fromCache":false,"initiator":"https://www.youtube.com","ip":"172.217.160.206","method":"GET","parentFrameId":-1,"requestId":"69","statusCode":200,"statusLine":"HTTP/1.1 200","tabId":2,"timeStamp":1633168974470.346,"type":"image","url":"https://www.youtube.com/favicon.ico"}", source: chrome-extension://nphlliopfobfddkbiohifpjfhljjpiob/content.js (36)
[19593:19593:1002/153254.472191:INFO:CONSOLE(36)] "RESPONSE_STARTED 1633168974470 {"frameId":0,"fromCache":false,"initiator":"https://www.youtube.com","ip":"142.250.192.34","method":"GET","parentFrameId":-1,"requestId":"65","statusCode":200,"statusLine":"HTTP/1.1 200","tabId":2,"timeStamp":1633168974470.797,"type":"xmlhttprequest","url":"https://googleads.g.doubleclick.net/pagead/id?slf_rd=1"}", source: chrome-extension://nphlliopfobfddkbiohifpjfhljjpiob/content.js (36)
[19593:19593:1002/153254.472214:INFO:CONSOLE(36)] "COMPLETE 1633168974471 {"frameId":0,"fromCache":false,"initiator":"https://www.youtube.com","ip":"172.217.160.206","method":"GET","parentFrameId":-1,"requestId":"69","responseHeaders":[{"name":"accept-ranges","value":"bytes"},{"name":"vary","value":"Accept-Encoding"},{"name":"content-encoding","value":"gzip"},{"name":"content-type","value":"image/x-icon"},{"name":"cross-origin-resource-policy","value":"cross-origin"},{"name":"content-length","value":"180"},{"name":"date","value":"Sat, 02 Oct 2021 01:14:04 GMT"},{"name":"expires","value":"Sun, 02 Oct 2022 01:14:04 GMT"},{"name":"last-modified","value":"Tue, 03 Mar 2020 20:15:00 GMT"},{"name":"x-content-type-options","value":"nosniff"},{"name":"server","value":"sffe"},{"name":"x-xss-protection","value":"0"},{"name":"age","value":"31730"},{"name":"cache-control","value":"public, max-age=31536000"},{"name":"alt-svc","value":"h3=\":443\"; ma=2592000,h3-29=\":443\"; ma=2592000,h3-T051=\":443\"; ma=2592000,h3-Q050=\":443\"; ma=2592000,h3-Q046=\":443\"; ma=2592000,h3-Q043=\":443\"; ma=2592000,quic=\":443\"; ma=2592000; v=\"46,43\""}],"statusCode":200,"statusLine":"HTTP/1.1 200","tabId":2,"timeStamp":1633168974470.977,"type":"image","url":"https://www.youtube.com/favicon.ico"}", source: chrome-extension://nphlliopfobfddkbiohifpjfhljjpiob/content.js (36)
[19593:19593:1002/153254.488379:INFO:CONSOLE(36)] "COMPLETE 1633168974487 {"frameId":0,"fromCache":false,"initiator":"https://www.youtube.com","ip":"142.250.192.34","method":"GET","parentFrameId":-1,"requestId":"65","responseHeaders":[{"name":"p3p","value":"policyref=\"https://googleads.g.doubleclick.net/pagead/gcn_p3p_.xml\", CP=\"CURa ADMa DEVa TAIo PSAo PSDo OUR IND UNI PUR INT DEM STA PRE COM NAV OTC NOI DSP COR\""},{"name":"timing-allow-origin","value":"*"},{"name":"cross-origin-resource-policy","value":"cross-origin"},{"name":"access-control-allow-credentials","value":"true"},{"name":"access-control-allow-origin","value":"https://www.youtube.com"},{"name":"content-type","value":"application/json; charset=UTF-8"},{"name":"date","value":"Sat, 02 Oct 2021 10:02:54 GMT"},{"name":"pragma","value":"no-cache"},{"name":"expires","value":"Fri, 01 Jan 1990 00:00:00 GMT"},{"name":"cache-control","value":"no-cache, no-store, must-revalidate"},{"name":"x-content-type-options","value":"nosniff"},{"name":"content-disposition","value":"attachment; filename=\"f.txt\""},{"name":"content-encoding","value":"gzip"},{"name":"server","value":"cafe"},{"name":"content-length","value":"133"},{"name":"x-xss-protection","value":"0"},{"name":"alt-svc","value":"h3=\":443\"; ma=2592000,h3-29=\":443\"; ma=2592000,h3-T051=\":443\"; ma=2592000,h3-Q050=\":443\"; ma=2592000,h3-Q046=\":443\"; ma=2592000,h3-Q043=\":443\"; ma=2592000,quic=\":443\"; ma=2592000; v=\"46,43\""}],"statusCode":200,"statusLine":"HTTP/1.1 200","tabId":2,"timeStamp":1633168974487.26,"type":"xmlhttprequest","url":"https://googleads.g.doubleclick.net/pagead/id?slf_rd=1"}", source: chrome-extension://nphlliopfobfddkbiohifpjfhljjpiob/content.js (36)
[19593:19593:1002/153256.429040:INFO:CONSOLE(36)] "BEFORE_REQUEST 1633168976428 {"frameId":0,"initiator":"https://www.youtube.com","method":"POST","parentFrameId":-1,"requestId":"70","tabId":2,"timeStamp":1633168976427.892,"type":"xmlhttprequest","url":"https://www.youtube.com/youtubei/v1/log_event?alt=json&key=AIzaSyAO_FJ2SlqU8Q4STEHLGCilw_Y9_11qcW8"}", source: chrome-extension://nphlliopfobfddkbiohifpjfhljjpiob/content.js (36)
[19593:19593:1002/153256.429128:INFO:CONSOLE(36)] "SEND_HEADERS 1633168976428 {"frameId":0,"initiator":"https://www.youtube.com","method":"POST","parentFrameId":-1,"requestId":"70","tabId":2,"timeStamp":1633168976427.9338,"type":"xmlhttprequest","url":"https://www.youtube.com/youtubei/v1/log_event?alt=json&key=AIzaSyAO_FJ2SlqU8Q4STEHLGCilw_Y9_11qcW8"}", source: chrome-extension://nphlliopfobfddkbiohifpjfhljjpiob/content.js (36)
[19593:19593:1002/153256.648902:INFO:CONSOLE(36)] "RESPONSE_STARTED 1633168976647 {"frameId":0,"fromCache":false,"initiator":"https://www.youtube.com","ip":"172.217.160.206","method":"POST","parentFrameId":-1,"requestId":"70","statusCode":200,"statusLine":"HTTP/1.1 200","tabId":2,"timeStamp":1633168976647.403,"type":"xmlhttprequest","url":"https://www.youtube.com/youtubei/v1/log_event?alt=json&key=AIzaSyAO_FJ2SlqU8Q4STEHLGCilw_Y9_11qcW8"}", source: chrome-extension://nphlliopfobfddkbiohifpjfhljjpiob/content.js (36)
[19593:19593:1002/153256.648979:INFO:CONSOLE(36)] "COMPLETE 1633168976647 {"frameId":0,"fromCache":false,"initiator":"https://www.youtube.com","ip":"172.217.160.206","method":"POST","parentFrameId":-1,"requestId":"70","responseHeaders":[{"name":"content-type","value":"application/json; charset=UTF-8"},{"name":"vary","value":"Origin"},{"name":"vary","value":"X-Origin"},{"name":"vary","value":"Referer"},{"name":"content-encoding","value":"br"},{"name":"date","value":"Sat, 02 Oct 2021 10:02:56 GMT"},{"name":"server","value":"ESF"},{"name":"content-length","value":"31"},{"name":"x-xss-protection","value":"0"},{"name":"x-frame-options","value":"SAMEORIGIN"},{"name":"x-content-type-options","value":"nosniff"},{"name":"alt-svc","value":"h3=\":443\"; ma=2592000,h3-29=\":443\"; ma=2592000,h3-T051=\":443\"; ma=2592000,h3-Q050=\":443\"; ma=2592000,h3-Q046=\":443\"; ma=2592000,h3-Q043=\":443\"; ma=2592000,quic=\":443\"; ma=2592000; v=\"46,43\""}],"statusCode":200,"statusLine":"HTTP/1.1 200","tabId":2,"timeStamp":1633168976647.602,"type":"xmlhttprequest","url":"https://www.youtube.com/youtubei/v1/log_event?alt=json&key=AIzaSyAO_FJ2SlqU8Q4STEHLGCilw_Y9_11qcW8"}", source: chrome-extension://nphlliopfobfddkbiohifpjfhljjpiob/content.js (36)
[19717:19741:1002/153303.726177:WARNING:key_storage_linux.cc(178)] OSCrypt tried Libsecret but couldn't initialise.
[20330:313:1002/153332.288528:WARNING:crashpad_client_linux.cc(306)] prctl: Invalid argument (22)
[19593:19593:1002/153455.198331:INFO:CONSOLE(29)] "Closing window 0", source: chrome-extension://nphlliopfobfddkbiohifpjfhljjpiob/content.js (29)
[19717:19859:1002/153455.486904:WARNING:sqlite_persistent_store_backend_base.cc(172)] Failed to post task from FlushAndNotifyInBackground@net/extras/sqlite/sqlite_persistent_store_backend_base.cc:220 to client_task_runner_.
[19593:19593:1002/153455.522623:WARNING:pref_notifier_impl.cc(40)] Pref observer for media_router.cast_allow_all_ips found at shutdown.
