[4102:4232:1004/204330.116745:ERROR:bus.cc(392)] Failed to connect to the bus: Failed to connect to socket /tmp/dbus-ixdwMsFjCA: Connection refused
[4102:4232:1004/204330.116846:ERROR:bus.cc(392)] Failed to connect to the bus: Failed to connect to socket /tmp/dbus-ixdwMsFjCA: Connection refused
[4264:7:1004/204330.154272:WARNING:crashpad_client_linux.cc(306)] prctl: Invalid argument (22)
[4102:4232:1004/204330.155528:ERROR:bus.cc(392)] Failed to connect to the bus: Failed to connect to socket /tmp/dbus-ixdwMsFjCA: Connection refused
[4102:4232:1004/204330.155578:ERROR:bus.cc(392)] Failed to connect to the bus: Failed to connect to socket /tmp/dbus-ixdwMsFjCA: Connection refused
[4253:4253:1004/204330.359459:ERROR:gpu_init.cc(441)] Passthrough is not supported, GL is swiftshader
[4102:4246:1004/204331.196954:WARNING:external_pref_loader.cc(331)] You are using an old-style extension deployment method (external_extensions.json), which will soon be deprecated. (see http://developer.chrome.com/extensions/external_extensions.html)
[4102:4102:1004/204331.213104:WARNING:browser_main_loop.cc(271)] <unknown>: Couldn't connect to accessibility bus: Failed to connect to socket /tmp/dbus-ZAvxrYUX2Q: Connection refused
[4102:4232:1004/204331.217649:ERROR:bus.cc(392)] Failed to connect to the bus: Failed to connect to socket /tmp/dbus-ixdwMsFjCA: Connection refused
[4102:4232:1004/204331.217734:ERROR:bus.cc(392)] Failed to connect to the bus: Failed to connect to socket /tmp/dbus-ixdwMsFjCA: Connection refused
[4285:13:1004/204331.638343:WARNING:crashpad_client_linux.cc(306)] prctl: Invalid argument (22)
[4288:14:1004/204331.644057:WARNING:crashpad_client_linux.cc(306)] prctl: Invalid argument (22)
[4328:35:1004/204332.061383:WARNING:crashpad_client_linux.cc(306)] prctl: Invalid argument (22)
[4340:42:1004/204332.081059:WARNING:crashpad_client_linux.cc(306)] prctl: Invalid argument (22)
[4357:57:1004/204332.100329:WARNING:crashpad_client_linux.cc(306)] prctl: Invalid argument (22)
[4370:68:1004/204332.126591:WARNING:crashpad_client_linux.cc(306)] prctl: Invalid argument (22)
[4383:79:1004/204332.145194:WARNING:crashpad_client_linux.cc(306)] prctl: Invalid argument (22)
[4396:90:1004/204332.172875:WARNING:crashpad_client_linux.cc(306)] prctl: Invalid argument (22)
[4410:101:1004/204333.261138:WARNING:crashpad_client_linux.cc(306)] prctl: Invalid argument (22)
[4102:4102:1004/204334.455512:INFO:CONSOLE(0)] "Error in event handler: TypeError: Cannot read properties of undefined (reading 'postMessage')
    at logFunc (chrome-extension://nphlliopfobfddkbiohifpjfhljjpiob/background.js:11:14)
    at chrome.webRequest.onBeforeRequest.addListener.urls (chrome-extension://nphlliopfobfddkbiohifpjfhljjpiob/background.js:16:15)", source: chrome-extension://nphlliopfobfddkbiohifpjfhljjpiob/_generated_background_page.html (0)
[4102:4102:1004/204334.481535:INFO:CONSOLE(0)] "Error in event handler: TypeError: Cannot read properties of undefined (reading 'postMessage')
    at logFunc (chrome-extension://nphlliopfobfddkbiohifpjfhljjpiob/background.js:11:14)
    at chrome.webRequest.onBeforeRequest.addListener.urls (chrome-extension://nphlliopfobfddkbiohifpjfhljjpiob/background.js:16:15)", source: chrome-extension://nphlliopfobfddkbiohifpjfhljjpiob/_generated_background_page.html (0)
[4102:4102:1004/204334.635189:INFO:CONSOLE(0)] "Error in event handler: TypeError: Cannot read properties of undefined (reading 'postMessage')
    at logFunc (chrome-extension://nphlliopfobfddkbiohifpjfhljjpiob/background.js:11:14)
    at chrome.webRequest.onSendHeaders.addListener.urls (chrome-extension://nphlliopfobfddkbiohifpjfhljjpiob/background.js:28:15)", source: chrome-extension://nphlliopfobfddkbiohifpjfhljjpiob/_generated_background_page.html (0)
[4102:4102:1004/204334.678303:INFO:CONSOLE(0)] "Error in event handler: TypeError: Cannot read properties of undefined (reading 'postMessage')
    at logFunc (chrome-extension://nphlliopfobfddkbiohifpjfhljjpiob/background.js:11:14)
    at chrome.webRequest.onSendHeaders.addListener.urls (chrome-extension://nphlliopfobfddkbiohifpjfhljjpiob/background.js:28:15)", source: chrome-extension://nphlliopfobfddkbiohifpjfhljjpiob/_generated_background_page.html (0)
[4102:4102:1004/204334.678984:INFO:CONSOLE(0)] "Error in event handler: TypeError: Cannot read properties of undefined (reading 'postMessage')
    at logFunc (chrome-extension://nphlliopfobfddkbiohifpjfhljjpiob/background.js:11:14)
    at chrome.webRequest.onBeforeRequest.addListener.urls (chrome-extension://nphlliopfobfddkbiohifpjfhljjpiob/background.js:16:15)", source: chrome-extension://nphlliopfobfddkbiohifpjfhljjpiob/_generated_background_page.html (0)
[4102:4102:1004/204334.715365:INFO:CONSOLE(0)] "Error in event handler: TypeError: Cannot read properties of undefined (reading 'postMessage')
    at logFunc (chrome-extension://nphlliopfobfddkbiohifpjfhljjpiob/background.js:11:14)
    at chrome.webRequest.onSendHeaders.addListener.urls (chrome-extension://nphlliopfobfddkbiohifpjfhljjpiob/background.js:28:15)", source: chrome-extension://nphlliopfobfddkbiohifpjfhljjpiob/_generated_background_page.html (0)
[4102:4102:1004/204335.149913:INFO:CONSOLE(0)] "Error in event handler: TypeError: Cannot read properties of undefined (reading 'postMessage')
    at logFunc (chrome-extension://nphlliopfobfddkbiohifpjfhljjpiob/background.js:11:14)
    at chrome.webRequest.onBeforeRequest.addListener.urls (chrome-extension://nphlliopfobfddkbiohifpjfhljjpiob/background.js:16:15)", source: chrome-extension://nphlliopfobfddkbiohifpjfhljjpiob/_generated_background_page.html (0)
[4102:4102:1004/204335.152472:INFO:CONSOLE(0)] "Error in event handler: TypeError: Cannot read properties of undefined (reading 'postMessage')
    at logFunc (chrome-extension://nphlliopfobfddkbiohifpjfhljjpiob/background.js:11:14)
    at chrome.webRequest.onSendHeaders.addListener.urls (chrome-extension://nphlliopfobfddkbiohifpjfhljjpiob/background.js:28:15)", source: chrome-extension://nphlliopfobfddkbiohifpjfhljjpiob/_generated_background_page.html (0)
[4102:4102:1004/204335.152617:INFO:CONSOLE(0)] "Error in event handler: TypeError: Cannot read properties of undefined (reading 'postMessage')
    at logFunc (chrome-extension://nphlliopfobfddkbiohifpjfhljjpiob/background.js:11:14)
    at chrome.webRequest.onBeforeRequest.addListener.urls (chrome-extension://nphlliopfobfddkbiohifpjfhljjpiob/background.js:16:15)", source: chrome-extension://nphlliopfobfddkbiohifpjfhljjpiob/_generated_background_page.html (0)
[4102:4102:1004/204335.152647:INFO:CONSOLE(0)] "Error in event handler: TypeError: Cannot read properties of undefined (reading 'postMessage')
    at logFunc (chrome-extension://nphlliopfobfddkbiohifpjfhljjpiob/background.js:11:14)
    at chrome.webRequest.onSendHeaders.addListener.urls (chrome-extension://nphlliopfobfddkbiohifpjfhljjpiob/background.js:28:15)", source: chrome-extension://nphlliopfobfddkbiohifpjfhljjpiob/_generated_background_page.html (0)
[4102:4102:1004/204335.153598:INFO:CONSOLE(0)] "Error in event handler: TypeError: Cannot read properties of undefined (reading 'postMessage')
    at logFunc (chrome-extension://nphlliopfobfddkbiohifpjfhljjpiob/background.js:11:14)
    at chrome.webRequest.onBeforeRequest.addListener.urls (chrome-extension://nphlliopfobfddkbiohifpjfhljjpiob/background.js:16:15)", source: chrome-extension://nphlliopfobfddkbiohifpjfhljjpiob/_generated_background_page.html (0)
[4102:4102:1004/204335.153644:INFO:CONSOLE(0)] "Error in event handler: TypeError: Cannot read properties of undefined (reading 'postMessage')
    at logFunc (chrome-extension://nphlliopfobfddkbiohifpjfhljjpiob/background.js:11:14)
    at chrome.webRequest.onSendHeaders.addListener.urls (chrome-extension://nphlliopfobfddkbiohifpjfhljjpiob/background.js:28:15)", source: chrome-extension://nphlliopfobfddkbiohifpjfhljjpiob/_generated_background_page.html (0)
[4102:4246:1004/204335.326134:ERROR:bus.cc(392)] Failed to connect to the bus: Failed to connect to socket /tmp/dbus-ixdwMsFjCA: Connection refused
[4102:4102:1004/204335.326232:ERROR:object_proxy.cc(642)] Failed to call method: org.freedesktop.DBus.NameHasOwner: object_path= /org/freedesktop/DBus: unknown error type: 
[4102:4246:1004/204335.326347:ERROR:bus.cc(392)] Failed to connect to the bus: Failed to connect to socket /tmp/dbus-ixdwMsFjCA: Connection refused
[4102:4102:1004/204335.326380:ERROR:object_proxy.cc(642)] Failed to call method: org.freedesktop.DBus.NameHasOwner: object_path= /org/freedesktop/DBus: unknown error type: 
[4102:4246:1004/204335.326427:ERROR:bus.cc(392)] Failed to connect to the bus: Failed to connect to socket /tmp/dbus-ixdwMsFjCA: Connection refused
[4102:4102:1004/204335.326446:ERROR:object_proxy.cc(642)] Failed to call method: org.freedesktop.DBus.NameHasOwner: object_path= /org/freedesktop/DBus: unknown error type: 
[4102:4246:1004/204335.326485:ERROR:bus.cc(392)] Failed to connect to the bus: Failed to connect to socket /tmp/dbus-ixdwMsFjCA: Connection refused
[4102:4102:1004/204335.326507:ERROR:object_proxy.cc(642)] Failed to call method: org.freedesktop.DBus.NameHasOwner: object_path= /org/freedesktop/DBus: unknown error type: 
[4102:4246:1004/204335.326546:ERROR:bus.cc(392)] Failed to connect to the bus: Failed to connect to socket /tmp/dbus-ixdwMsFjCA: Connection refused
[4102:4102:1004/204335.326563:ERROR:object_proxy.cc(642)] Failed to call method: org.freedesktop.DBus.NameHasOwner: object_path= /org/freedesktop/DBus: unknown error type: 
[4102:4102:1004/204335.326570:WARNING:idle_linux.cc(110)] None of the known D-Bus ScreenSaver services could be used.
[4102:4102:1004/204335.328438:INFO:CONSOLE(0)] "Error in event handler: TypeError: Cannot read properties of undefined (reading 'postMessage')
    at logFunc (chrome-extension://nphlliopfobfddkbiohifpjfhljjpiob/background.js:11:14)
    at chrome.webRequest.onResponseStarted.addListener.urls (chrome-extension://nphlliopfobfddkbiohifpjfhljjpiob/background.js:22:15)", source: chrome-extension://nphlliopfobfddkbiohifpjfhljjpiob/_generated_background_page.html (0)
[4102:4102:1004/204336.498897:INFO:CONSOLE(0)] "Error in event handler: TypeError: Cannot read properties of undefined (reading 'postMessage')
    at logFunc (chrome-extension://nphlliopfobfddkbiohifpjfhljjpiob/background.js:11:14)
    at chrome.webRequest.onResponseStarted.addListener.urls (chrome-extension://nphlliopfobfddkbiohifpjfhljjpiob/background.js:22:15)", source: chrome-extension://nphlliopfobfddkbiohifpjfhljjpiob/_generated_background_page.html (0)
[4102:4102:1004/204336.501139:INFO:CONSOLE(0)] "Error in event handler: TypeError: Cannot read properties of undefined (reading 'postMessage')
    at logFunc (chrome-extension://nphlliopfobfddkbiohifpjfhljjpiob/background.js:11:14)
    at chrome.webRequest.onCompleted.addListener.urls (chrome-extension://nphlliopfobfddkbiohifpjfhljjpiob/background.js:34:15)", source: chrome-extension://nphlliopfobfddkbiohifpjfhljjpiob/_generated_background_page.html (0)
[4102:4102:1004/204336.534742:INFO:CONSOLE(0)] "Error in event handler: TypeError: Cannot read properties of undefined (reading 'postMessage')
    at logFunc (chrome-extension://nphlliopfobfddkbiohifpjfhljjpiob/background.js:11:14)
    at chrome.webRequest.onResponseStarted.addListener.urls (chrome-extension://nphlliopfobfddkbiohifpjfhljjpiob/background.js:22:15)", source: chrome-extension://nphlliopfobfddkbiohifpjfhljjpiob/_generated_background_page.html (0)
[4102:4102:1004/204336.534790:INFO:CONSOLE(0)] "Error in event handler: TypeError: Cannot read properties of undefined (reading 'postMessage')
    at logFunc (chrome-extension://nphlliopfobfddkbiohifpjfhljjpiob/background.js:11:14)
    at chrome.webRequest.onCompleted.addListener.urls (chrome-extension://nphlliopfobfddkbiohifpjfhljjpiob/background.js:34:15)", source: chrome-extension://nphlliopfobfddkbiohifpjfhljjpiob/_generated_background_page.html (0)
[4469:107:1004/204337.627831:WARNING:crashpad_client_linux.cc(306)] prctl: Invalid argument (22)
[4477:113:1004/204337.642606:WARNING:crashpad_client_linux.cc(306)] prctl: Invalid argument (22)
[4484:118:1004/204337.653119:WARNING:crashpad_client_linux.cc(306)] prctl: Invalid argument (22)
[4491:123:1004/204337.680006:WARNING:crashpad_client_linux.cc(306)] prctl: Invalid argument (22)
[4102:4102:1004/204337.847978:INFO:CONSOLE(0)] "Error in event handler: TypeError: Cannot read properties of undefined (reading 'postMessage')
    at logFunc (chrome-extension://nphlliopfobfddkbiohifpjfhljjpiob/background.js:11:14)
    at chrome.webRequest.onResponseStarted.addListener.urls (chrome-extension://nphlliopfobfddkbiohifpjfhljjpiob/background.js:22:15)", source: chrome-extension://nphlliopfobfddkbiohifpjfhljjpiob/_generated_background_page.html (0)
[4102:4102:1004/204338.028480:INFO:CONSOLE(0)] "Error in event handler: TypeError: Cannot read properties of undefined (reading 'postMessage')
    at logFunc (chrome-extension://nphlliopfobfddkbiohifpjfhljjpiob/background.js:11:14)
    at chrome.webRequest.onCompleted.addListener.urls (chrome-extension://nphlliopfobfddkbiohifpjfhljjpiob/background.js:34:15)", source: chrome-extension://nphlliopfobfddkbiohifpjfhljjpiob/_generated_background_page.html (0)
[4502:129:1004/204338.461706:WARNING:crashpad_client_linux.cc(306)] prctl: Invalid argument (22)
[4510:135:1004/204338.475982:WARNING:crashpad_client_linux.cc(306)] prctl: Invalid argument (22)
[4517:140:1004/204338.486162:WARNING:crashpad_client_linux.cc(306)] prctl: Invalid argument (22)
[4525:146:1004/204338.516416:WARNING:crashpad_client_linux.cc(306)] prctl: Invalid argument (22)
[4102:4102:1004/204338.750514:INFO:CONSOLE(0)] "Error in event handler: TypeError: Cannot read properties of undefined (reading 'postMessage')
    at logFunc (chrome-extension://nphlliopfobfddkbiohifpjfhljjpiob/background.js:11:14)
    at chrome.webRequest.onResponseStarted.addListener.urls (chrome-extension://nphlliopfobfddkbiohifpjfhljjpiob/background.js:22:15)", source: chrome-extension://nphlliopfobfddkbiohifpjfhljjpiob/_generated_background_page.html (0)
[4102:4102:1004/204338.755598:INFO:CONSOLE(0)] "Error in event handler: TypeError: Cannot read properties of undefined (reading 'postMessage')
    at logFunc (chrome-extension://nphlliopfobfddkbiohifpjfhljjpiob/background.js:11:14)
    at chrome.webRequest.onCompleted.addListener.urls (chrome-extension://nphlliopfobfddkbiohifpjfhljjpiob/background.js:34:15)", source: chrome-extension://nphlliopfobfddkbiohifpjfhljjpiob/_generated_background_page.html (0)
[4539:152:1004/204339.525459:WARNING:crashpad_client_linux.cc(306)] prctl: Invalid argument (22)
[4547:158:1004/204339.540306:WARNING:crashpad_client_linux.cc(306)] prctl: Invalid argument (22)
[4555:164:1004/204339.549293:WARNING:crashpad_client_linux.cc(306)] prctl: Invalid argument (22)
[4563:170:1004/204339.575897:WARNING:crashpad_client_linux.cc(306)] prctl: Invalid argument (22)
[4570:175:1004/204340.333148:WARNING:crashpad_client_linux.cc(306)] prctl: Invalid argument (22)
[4578:181:1004/204340.348861:WARNING:crashpad_client_linux.cc(306)] prctl: Invalid argument (22)
[4585:186:1004/204340.357849:WARNING:crashpad_client_linux.cc(306)] prctl: Invalid argument (22)
[4592:191:1004/204340.388389:WARNING:crashpad_client_linux.cc(306)] prctl: Invalid argument (22)
[4601:197:1004/204341.089548:WARNING:crashpad_client_linux.cc(306)] prctl: Invalid argument (22)
[4609:203:1004/204341.105980:WARNING:crashpad_client_linux.cc(306)] prctl: Invalid argument (22)
[4617:209:1004/204341.118950:WARNING:crashpad_client_linux.cc(306)] prctl: Invalid argument (22)
[4625:215:1004/204341.145621:WARNING:crashpad_client_linux.cc(306)] prctl: Invalid argument (22)
[4644:222:1004/204348.346655:WARNING:crashpad_client_linux.cc(306)] prctl: Invalid argument (22)
[4652:228:1004/204348.364130:WARNING:crashpad_client_linux.cc(306)] prctl: Invalid argument (22)
[4660:234:1004/204348.371760:WARNING:crashpad_client_linux.cc(306)] prctl: Invalid argument (22)
[4667:239:1004/204348.405649:WARNING:crashpad_client_linux.cc(306)] prctl: Invalid argument (22)
[4674:244:1004/204348.434850:WARNING:crashpad_client_linux.cc(306)] prctl: Invalid argument (22)
[4687:255:1004/204350.251549:WARNING:crashpad_client_linux.cc(306)] prctl: Invalid argument (22)
[4695:261:1004/204350.265780:WARNING:crashpad_client_linux.cc(306)] prctl: Invalid argument (22)
[4703:267:1004/204350.278081:WARNING:crashpad_client_linux.cc(306)] prctl: Invalid argument (22)
[4711:273:1004/204350.308789:WARNING:crashpad_client_linux.cc(306)] prctl: Invalid argument (22)
[4718:278:1004/204350.344877:WARNING:crashpad_client_linux.cc(306)] prctl: Invalid argument (22)
[4731:289:1004/204350.899682:WARNING:crashpad_client_linux.cc(306)] prctl: Invalid argument (22)
[4739:295:1004/204350.916197:WARNING:crashpad_client_linux.cc(306)] prctl: Invalid argument (22)
[4747:301:1004/204350.927921:WARNING:crashpad_client_linux.cc(306)] prctl: Invalid argument (22)
[4755:307:1004/204350.950414:WARNING:crashpad_client_linux.cc(306)] prctl: Invalid argument (22)
[4102:4102:1004/204353.832773:INFO:CONSOLE(0)] "Error in event handler: TypeError: Cannot read properties of undefined (reading 'postMessage')
    at logFunc (chrome-extension://nphlliopfobfddkbiohifpjfhljjpiob/background.js:11:14)
    at chrome.webRequest.onCompleted.addListener.urls (chrome-extension://nphlliopfobfddkbiohifpjfhljjpiob/background.js:34:15)", source: chrome-extension://nphlliopfobfddkbiohifpjfhljjpiob/_generated_background_page.html (0)
[4102:4102:1004/204353.968071:INFO:CONSOLE(0)] "Error in event handler: TypeError: Cannot read properties of undefined (reading 'postMessage')
    at logFunc (chrome-extension://nphlliopfobfddkbiohifpjfhljjpiob/background.js:11:14)
    at chrome.webRequest.onBeforeRequest.addListener.urls (chrome-extension://nphlliopfobfddkbiohifpjfhljjpiob/background.js:16:15)", source: chrome-extension://nphlliopfobfddkbiohifpjfhljjpiob/_generated_background_page.html (0)
[4102:4102:1004/204353.968136:INFO:CONSOLE(0)] "Error in event handler: TypeError: Cannot read properties of undefined (reading 'postMessage')
    at logFunc (chrome-extension://nphlliopfobfddkbiohifpjfhljjpiob/background.js:11:14)
    at chrome.webRequest.onSendHeaders.addListener.urls (chrome-extension://nphlliopfobfddkbiohifpjfhljjpiob/background.js:28:15)", source: chrome-extension://nphlliopfobfddkbiohifpjfhljjpiob/_generated_background_page.html (0)
[4102:4102:1004/204353.973877:INFO:CONSOLE(0)] "Error in event handler: TypeError: Cannot read properties of undefined (reading 'postMessage')
    at logFunc (chrome-extension://nphlliopfobfddkbiohifpjfhljjpiob/background.js:11:14)
    at chrome.webRequest.onBeforeRequest.addListener.urls (chrome-extension://nphlliopfobfddkbiohifpjfhljjpiob/background.js:16:15)", source: chrome-extension://nphlliopfobfddkbiohifpjfhljjpiob/_generated_background_page.html (0)
[4102:4102:1004/204353.974102:INFO:CONSOLE(0)] "Error in event handler: TypeError: Cannot read properties of undefined (reading 'postMessage')
    at logFunc (chrome-extension://nphlliopfobfddkbiohifpjfhljjpiob/background.js:11:14)
    at chrome.webRequest.onSendHeaders.addListener.urls (chrome-extension://nphlliopfobfddkbiohifpjfhljjpiob/background.js:28:15)", source: chrome-extension://nphlliopfobfddkbiohifpjfhljjpiob/_generated_background_page.html (0)
[4102:4102:1004/204354.013999:INFO:CONSOLE(0)] "Error in event handler: TypeError: Cannot read properties of undefined (reading 'postMessage')
    at logFunc (chrome-extension://nphlliopfobfddkbiohifpjfhljjpiob/background.js:11:14)
    at chrome.webRequest.onBeforeRequest.addListener.urls (chrome-extension://nphlliopfobfddkbiohifpjfhljjpiob/background.js:16:15)", source: chrome-extension://nphlliopfobfddkbiohifpjfhljjpiob/_generated_background_page.html (0)
[4102:4102:1004/204354.014051:INFO:CONSOLE(0)] "Error in event handler: TypeError: Cannot read properties of undefined (reading 'postMessage')
    at logFunc (chrome-extension://nphlliopfobfddkbiohifpjfhljjpiob/background.js:11:14)
    at chrome.webRequest.onSendHeaders.addListener.urls (chrome-extension://nphlliopfobfddkbiohifpjfhljjpiob/background.js:28:15)", source: chrome-extension://nphlliopfobfddkbiohifpjfhljjpiob/_generated_background_page.html (0)
[4102:4102:1004/204354.050736:INFO:CONSOLE(0)] "Error in event handler: TypeError: Cannot read properties of undefined (reading 'postMessage')
    at logFunc (chrome-extension://nphlliopfobfddkbiohifpjfhljjpiob/background.js:11:14)
    at chrome.webRequest.onBeforeRequest.addListener.urls (chrome-extension://nphlliopfobfddkbiohifpjfhljjpiob/background.js:16:15)", source: chrome-extension://nphlliopfobfddkbiohifpjfhljjpiob/_generated_background_page.html (0)
[4102:4102:1004/204354.050790:INFO:CONSOLE(0)] "Error in event handler: TypeError: Cannot read properties of undefined (reading 'postMessage')
    at logFunc (chrome-extension://nphlliopfobfddkbiohifpjfhljjpiob/background.js:11:14)
    at chrome.webRequest.onSendHeaders.addListener.urls (chrome-extension://nphlliopfobfddkbiohifpjfhljjpiob/background.js:28:15)", source: chrome-extension://nphlliopfobfddkbiohifpjfhljjpiob/_generated_background_page.html (0)
[4102:4102:1004/204354.070410:INFO:CONSOLE(128)] "Uncaught (in promise) Error: Could not establish connection. Receiving end does not exist.", source: chrome-extension://nehjjjagpkhikejmlaiffhpgaiphilng/polyfill.js (128)
[4102:4102:1004/204354.120109:INFO:CONSOLE(0)] "Error in event handler: TypeError: Cannot read properties of undefined (reading 'postMessage')
    at logFunc (chrome-extension://nphlliopfobfddkbiohifpjfhljjpiob/background.js:11:14)
    at chrome.webRequest.onResponseStarted.addListener.urls (chrome-extension://nphlliopfobfddkbiohifpjfhljjpiob/background.js:22:15)", source: chrome-extension://nphlliopfobfddkbiohifpjfhljjpiob/_generated_background_page.html (0)
[4102:4102:1004/204354.180199:INFO:CONSOLE(1)] "CONTENT SCRIPT", source: chrome-extension://nphlliopfobfddkbiohifpjfhljjpiob/content.js (1)
[4102:4102:1004/204354.441228:INFO:CONSOLE(36)] "RESPONSE_STARTED 1633360434407 {"frameId":0,"fromCache":false,"initiator":"https://www.youtube.com","ip":"142.251.42.14","method":"POST","parentFrameId":-1,"requestId":"75","statusCode":204,"statusLine":"HTTP/1.1 204","tabId":2,"timeStamp":1633360434407.2212,"type":"ping","url":"https://www.youtube.com/api/stats/qoe?event=streamingstats&cpn=GG10Anor7KZYwwS5&el=embedded&docid=SegxEqthbbk&ns=yt&fexp=23858057%2C23983296%2C24001373%2C24002022%2C24002025%2C24002923%2C24004644%2C24007246%2C24064555%2C24069675%2C24080738%2C24082661%2C24106093%2C24106705&cl=399829848&seq=1&cbr=Chrome&cbrver=93.0.4577.63&c=WEB_EMBEDDED_PLAYER&cver=1.20210928.1.1&cplayer=UNIPLAYER&cos=X11&cplatform=DESKTOP&vps=0.000:N,0.000:ER&cmt=0.000:0.000,0.000:0.000&error=0.000:auth:0.000:0;a6s.0&vis=0.000:0&bh=0.000:0.000"}", source: chrome-extension://nphlliopfobfddkbiohifpjfhljjpiob/content.js (36)
[4102:4102:1004/204354.441286:INFO:CONSOLE(36)] "COMPLETE 1633360434409 {"frameId":0,"fromCache":false,"initiator":"https://www.youtube.com","ip":"142.251.42.14","method":"GET","parentFrameId":-1,"requestId":"76","responseHeaders":[{"name":"accept-ranges","value":"bytes"},{"name":"vary","value":"Accept-Encoding, Origin"},{"name":"content-encoding","value":"br"},{"name":"content-type","value":"text/javascript"},{"name":"content-security-policy-report-only","value":"require-trusted-types-for 'script'; report-uri https://csp.withgoogle.com/csp/youtube"},{"name":"cross-origin-resource-policy","value":"cross-origin"},{"name":"cross-origin-opener-policy-report-only","value":"same-origin; report-to=\"youtube\""},{"name":"report-to","value":"{\"group\":\"youtube\",\"max_age\":2592000,\"endpoints\":[{\"url\":\"https://csp.withgoogle.com/csp/report-to/youtube\"}]}"},{"name":"content-length","value":"7318"},{"name":"date","value":"Mon, 04 Oct 2021 13:54:27 GMT"},{"name":"expires","value":"Tue, 04 Oct 2022 13:54:27 GMT"},{"name":"last-modified","value":"Thu, 30 Sep 2021 03:09:04 GMT"},{"name":"x-content-type-options","value":"nosniff"},{"name":"server","value":"sffe"},{"name":"x-xss-protection","value":"0"},{"name":"cache-control","value":"public, max-age=31536000"},{"name":"age","value":"4767"},{"name":"alt-svc","value":"h3=\":443\"; ma=2592000,h3-29=\":443\"; ma=2592000,h3-T051=\":443\"; ma=2592000,h3-Q050=\":443\"; ma=2592000,h3-Q046=\":443\"; ma=2592000,h3-Q043=\":443\"; ma=2592000,quic=\":443\"; ma=2592000; v=\"46,43\""}],"statusCode":200,"statusLine":"HTTP/1.1 200","tabId":2,"timeStamp":1633360434408.924,"type":"script","url":"https://www.youtube.com/s/player/9fd4fd09/player_ias.vflset/en_GB/embed.js"}", source: chrome-extension://nphlliopfobfddkbiohifpjfhljjpiob/content.js (36)
[4102:4102:1004/204354.441333:INFO:CONSOLE(36)] "COMPLETE 1633360434409 {"frameId":0,"fromCache":false,"initiator":"https://www.youtube.com","ip":"142.251.42.14","method":"POST","parentFrameId":-1,"requestId":"75","responseHeaders":[{"name":"content-type","value":"text/html; charset=UTF-8"},{"name":"date","value":"Mon, 04 Oct 2021 15:13:54 GMT"},{"name":"pragma","value":"no-cache"},{"name":"expires","value":"Fri, 01 Jan 1990 00:00:00 GMT"},{"name":"cache-control","value":"no-cache, must-revalidate"},{"name":"access-control-allow-origin","value":"https://www.youtube.com"},{"name":"access-control-allow-credentials","value":"true"},{"name":"x-content-type-options","value":"nosniff"},{"name":"server","value":"Video Stats Server"},{"name":"content-length","value":"0"},{"name":"x-xss-protection","value":"0"},{"name":"x-frame-options","value":"SAMEORIGIN"},{"name":"alt-svc","value":"h3=\":443\"; ma=2592000,h3-29=\":443\"; ma=2592000,h3-T051=\":443\"; ma=2592000,h3-Q050=\":443\"; ma=2592000,h3-Q046=\":443\"; ma=2592000,h3-Q043=\":443\"; ma=2592000,quic=\":443\"; ma=2592000; v=\"46,43\""}],"statusCode":204,"statusLine":"HTTP/1.1 204","tabId":2,"timeStamp":1633360434409.5718,"type":"ping","url":"https://www.youtube.com/api/stats/qoe?event=streamingstats&cpn=GG10Anor7KZYwwS5&el=embedded&docid=SegxEqthbbk&ns=yt&fexp=23858057%2C23983296%2C24001373%2C24002022%2C24002025%2C24002923%2C24004644%2C24007246%2C24064555%2C24069675%2C24080738%2C24082661%2C24106093%2C24106705&cl=399829848&seq=1&cbr=Chrome&cbrver=93.0.4577.63&c=WEB_EMBEDDED_PLAYER&cver=1.20210928.1.1&cplayer=UNIPLAYER&cos=X11&cplatform=DESKTOP&vps=0.000:N,0.000:ER&cmt=0.000:0.000,0.000:0.000&error=0.000:auth:0.000:0;a6s.0&vis=0.000:0&bh=0.000:0.000"}", source: chrome-extension://nphlliopfobfddkbiohifpjfhljjpiob/content.js (36)
[4102:4102:1004/204354.463688:INFO:CONSOLE(36)] "RESPONSE_STARTED 1633360434461 {"frameId":0,"fromCache":false,"initiator":"https://www.youtube.com","ip":"142.250.67.198","method":"GET","parentFrameId":-1,"requestId":"74","statusCode":200,"statusLine":"HTTP/1.1 200","tabId":2,"timeStamp":1633360434461.573,"type":"script","url":"https://static.doubleclick.net/instream/ad_status.js"}", source: chrome-extension://nphlliopfobfddkbiohifpjfhljjpiob/content.js (36)
[4102:4102:1004/204354.464057:INFO:CONSOLE(36)] "COMPLETE 1633360434463 {"frameId":0,"fromCache":false,"initiator":"https://www.youtube.com","ip":"142.250.67.198","method":"GET","parentFrameId":-1,"requestId":"74","responseHeaders":[{"name":"accept-ranges","value":"bytes"},{"name":"content-type","value":"text/javascript"},{"name":"access-control-allow-origin","value":"*"},{"name":"cross-origin-resource-policy","value":"cross-origin"},{"name":"cross-origin-opener-policy-report-only","value":"same-origin; report-to=\"ads-doubleclick-media\""},{"name":"report-to","value":"{\"group\":\"ads-doubleclick-media\",\"max_age\":2592000,\"endpoints\":[{\"url\":\"https://csp.withgoogle.com/csp/report-to/ads-doubleclick-media\"}]}"},{"name":"timing-allow-origin","value":"*"},{"name":"content-length","value":"29"},{"name":"date","value":"Mon, 04 Oct 2021 15:09:20 GMT"},{"name":"expires","value":"Mon, 04 Oct 2021 15:24:20 GMT"},{"name":"last-modified","value":"Thu, 12 Dec 2013 23:40:16 GMT"},{"name":"x-content-type-options","value":"nosniff"},{"name":"server","value":"sffe"},{"name":"x-xss-protection","value":"0"},{"name":"age","value":"274"},{"name":"cache-control","value":"public, max-age=900"},{"name":"alt-svc","value":"h3=\":443\"; ma=2592000,h3-29=\":443\"; ma=2592000,h3-T051=\":443\"; ma=2592000,h3-Q050=\":443\"; ma=2592000,h3-Q046=\":443\"; ma=2592000,h3-Q043=\":443\"; ma=2592000,quic=\":443\"; ma=2592000; v=\"46,43\""}],"statusCode":200,"statusLine":"HTTP/1.1 200","tabId":2,"timeStamp":1633360434462.845,"type":"script","url":"https://static.doubleclick.net/instream/ad_status.js"}", source: chrome-extension://nphlliopfobfddkbiohifpjfhljjpiob/content.js (36)
[4102:4102:1004/204354.469275:INFO:CONSOLE(36)] "BEFORE_REQUEST 1633360434468 {"frameId":0,"initiator":"https://www.youtube.com","method":"GET","parentFrameId":-1,"requestId":"77","tabId":2,"timeStamp":1633360434468.008,"type":"image","url":"https://www.youtube.com/favicon.ico"}", source: chrome-extension://nphlliopfobfddkbiohifpjfhljjpiob/content.js (36)
[4102:4102:1004/204354.469324:INFO:CONSOLE(36)] "SEND_HEADERS 1633360434468 {"frameId":0,"initiator":"https://www.youtube.com","method":"GET","parentFrameId":-1,"requestId":"77","tabId":2,"timeStamp":1633360434468.2988,"type":"image","url":"https://www.youtube.com/favicon.ico"}", source: chrome-extension://nphlliopfobfddkbiohifpjfhljjpiob/content.js (36)
[4102:4102:1004/204354.516629:INFO:CONSOLE(36)] "BEFORE_REQUEST 1633360434516 {"frameId":0,"initiator":"https://www.youtube.com","method":"GET","parentFrameId":-1,"requestId":"73","tabId":2,"timeStamp":1633360434515.8132,"type":"xmlhttprequest","url":"https://googleads.g.doubleclick.net/pagead/id?slf_rd=1"}", source: chrome-extension://nphlliopfobfddkbiohifpjfhljjpiob/content.js (36)
[4102:4102:1004/204354.516659:INFO:CONSOLE(36)] "SEND_HEADERS 1633360434516 {"frameId":0,"initiator":"https://www.youtube.com","method":"GET","parentFrameId":-1,"requestId":"73","tabId":2,"timeStamp":1633360434516.182,"type":"xmlhttprequest","url":"https://googleads.g.doubleclick.net/pagead/id?slf_rd=1"}", source: chrome-extension://nphlliopfobfddkbiohifpjfhljjpiob/content.js (36)
[4102:4102:1004/204354.569955:INFO:CONSOLE(36)] "RESPONSE_STARTED 1633360434569 {"frameId":0,"fromCache":false,"initiator":"https://www.youtube.com","ip":"142.251.42.14","method":"GET","parentFrameId":-1,"requestId":"77","statusCode":200,"statusLine":"HTTP/1.1 200","tabId":2,"timeStamp":1633360434569.0989,"type":"image","url":"https://www.youtube.com/favicon.ico"}", source: chrome-extension://nphlliopfobfddkbiohifpjfhljjpiob/content.js (36)
[4102:4102:1004/204354.588129:INFO:CONSOLE(36)] "COMPLETE 1633360434587 {"frameId":0,"fromCache":false,"initiator":"https://www.youtube.com","ip":"142.251.42.14","method":"GET","parentFrameId":-1,"requestId":"77","responseHeaders":[{"name":"accept-ranges","value":"bytes"},{"name":"vary","value":"Accept-Encoding"},{"name":"content-encoding","value":"gzip"},{"name":"content-type","value":"image/x-icon"},{"name":"content-security-policy-report-only","value":"require-trusted-types-for 'script'; report-uri https://csp.withgoogle.com/csp/youtube-marketing"},{"name":"cross-origin-resource-policy","value":"cross-origin"},{"name":"cross-origin-opener-policy-report-only","value":"same-origin; report-to=\"youtube-marketing\""},{"name":"report-to","value":"{\"group\":\"youtube-marketing\",\"max_age\":2592000,\"endpoints\":[{\"url\":\"https://csp.withgoogle.com/csp/report-to/youtube-marketing\"}]}"},{"name":"content-length","value":"180"},{"name":"date","value":"Fri, 01 Oct 2021 20:18:31 GMT"},{"name":"expires","value":"Sat, 01 Oct 2022 20:18:31 GMT"},{"name":"last-modified","value":"Tue, 03 Mar 2020 20:15:00 GMT"},{"name":"x-content-type-options","value":"nosniff"},{"name":"server","value":"sffe"},{"name":"x-xss-protection","value":"0"},{"name":"cache-control","value":"public, max-age=31536000"},{"name":"age","value":"240923"},{"name":"alt-svc","value":"h3=\":443\"; ma=2592000,h3-29=\":443\"; ma=2592000,h3-T051=\":443\"; ma=2592000,h3-Q050=\":443\"; ma=2592000,h3-Q046=\":443\"; ma=2592000,h3-Q043=\":443\"; ma=2592000,quic=\":443\"; ma=2592000; v=\"46,43\""}],"statusCode":200,"statusLine":"HTTP/1.1 200","tabId":2,"timeStamp":1633360434587.032,"type":"image","url":"https://www.youtube.com/favicon.ico"}", source: chrome-extension://nphlliopfobfddkbiohifpjfhljjpiob/content.js (36)
[4102:4102:1004/204354.623359:INFO:CONSOLE(36)] "RESPONSE_STARTED 1633360434622 {"frameId":0,"fromCache":false,"initiator":"https://www.youtube.com","ip":"172.217.167.162","method":"GET","parentFrameId":-1,"requestId":"73","statusCode":200,"statusLine":"HTTP/1.1 200","tabId":2,"timeStamp":1633360434622.725,"type":"xmlhttprequest","url":"https://googleads.g.doubleclick.net/pagead/id?slf_rd=1"}", source: chrome-extension://nphlliopfobfddkbiohifpjfhljjpiob/content.js (36)
[4102:4102:1004/204354.641944:INFO:CONSOLE(36)] "COMPLETE 1633360434640 {"frameId":0,"fromCache":false,"initiator":"https://www.youtube.com","ip":"172.217.167.162","method":"GET","parentFrameId":-1,"requestId":"73","responseHeaders":[{"name":"p3p","value":"policyref=\"https://googleads.g.doubleclick.net/pagead/gcn_p3p_.xml\", CP=\"CURa ADMa DEVa TAIo PSAo PSDo OUR IND UNI PUR INT DEM STA PRE COM NAV OTC NOI DSP COR\""},{"name":"timing-allow-origin","value":"*"},{"name":"cross-origin-resource-policy","value":"cross-origin"},{"name":"access-control-allow-credentials","value":"true"},{"name":"access-control-allow-origin","value":"https://www.youtube.com"},{"name":"content-type","value":"application/json; charset=UTF-8"},{"name":"date","value":"Mon, 04 Oct 2021 15:13:54 GMT"},{"name":"pragma","value":"no-cache"},{"name":"expires","value":"Fri, 01 Jan 1990 00:00:00 GMT"},{"name":"cache-control","value":"no-cache, no-store, must-revalidate"},{"name":"x-content-type-options","value":"nosniff"},{"name":"content-disposition","value":"attachment; filename=\"f.txt\""},{"name":"content-encoding","value":"gzip"},{"name":"server","value":"cafe"},{"name":"content-length","value":"133"},{"name":"x-xss-protection","value":"0"},{"name":"alt-svc","value":"h3=\":443\"; ma=2592000,h3-29=\":443\"; ma=2592000,h3-T051=\":443\"; ma=2592000,h3-Q050=\":443\"; ma=2592000,h3-Q046=\":443\"; ma=2592000,h3-Q043=\":443\"; ma=2592000,quic=\":443\"; ma=2592000; v=\"46,43\""}],"statusCode":200,"statusLine":"HTTP/1.1 200","tabId":2,"timeStamp":1633360434640.4878,"type":"xmlhttprequest","url":"https://googleads.g.doubleclick.net/pagead/id?slf_rd=1"}", source: chrome-extension://nphlliopfobfddkbiohifpjfhljjpiob/content.js (36)
[4102:4102:1004/204356.497736:INFO:CONSOLE(36)] "BEFORE_REQUEST 1633360436496 {"frameId":0,"initiator":"https://www.youtube.com","method":"POST","parentFrameId":-1,"requestId":"78","tabId":2,"timeStamp":1633360436496.6682,"type":"xmlhttprequest","url":"https://www.youtube.com/youtubei/v1/log_event?alt=json&key=AIzaSyAO_FJ2SlqU8Q4STEHLGCilw_Y9_11qcW8"}", source: chrome-extension://nphlliopfobfddkbiohifpjfhljjpiob/content.js (36)
[4102:4102:1004/204356.497836:INFO:CONSOLE(36)] "SEND_HEADERS 1633360436496 {"frameId":0,"initiator":"https://www.youtube.com","method":"POST","parentFrameId":-1,"requestId":"78","tabId":2,"timeStamp":1633360436496.704,"type":"xmlhttprequest","url":"https://www.youtube.com/youtubei/v1/log_event?alt=json&key=AIzaSyAO_FJ2SlqU8Q4STEHLGCilw_Y9_11qcW8"}", source: chrome-extension://nphlliopfobfddkbiohifpjfhljjpiob/content.js (36)
[4102:4102:1004/204356.730792:INFO:CONSOLE(36)] "RESPONSE_STARTED 1633360436729 {"frameId":0,"fromCache":false,"initiator":"https://www.youtube.com","ip":"142.251.42.14","method":"POST","parentFrameId":-1,"requestId":"78","statusCode":200,"statusLine":"HTTP/1.1 200","tabId":2,"timeStamp":1633360436729.114,"type":"xmlhttprequest","url":"https://www.youtube.com/youtubei/v1/log_event?alt=json&key=AIzaSyAO_FJ2SlqU8Q4STEHLGCilw_Y9_11qcW8"}", source: chrome-extension://nphlliopfobfddkbiohifpjfhljjpiob/content.js (36)
[4102:4102:1004/204356.730886:INFO:CONSOLE(36)] "COMPLETE 1633360436729 {"frameId":0,"fromCache":false,"initiator":"https://www.youtube.com","ip":"142.251.42.14","method":"POST","parentFrameId":-1,"requestId":"78","responseHeaders":[{"name":"content-type","value":"application/json; charset=UTF-8"},{"name":"vary","value":"Origin"},{"name":"vary","value":"X-Origin"},{"name":"vary","value":"Referer"},{"name":"content-encoding","value":"br"},{"name":"date","value":"Mon, 04 Oct 2021 15:13:56 GMT"},{"name":"server","value":"ESF"},{"name":"content-length","value":"31"},{"name":"x-xss-protection","value":"0"},{"name":"x-frame-options","value":"SAMEORIGIN"},{"name":"x-content-type-options","value":"nosniff"},{"name":"alt-svc","value":"h3=\":443\"; ma=2592000,h3-29=\":443\"; ma=2592000,h3-T051=\":443\"; ma=2592000,h3-Q050=\":443\"; ma=2592000,h3-Q046=\":443\"; ma=2592000,h3-Q043=\":443\"; ma=2592000,quic=\":443\"; ma=2592000; v=\"46,43\""}],"statusCode":200,"statusLine":"HTTP/1.1 200","tabId":2,"timeStamp":1633360436729.358,"type":"xmlhttprequest","url":"https://www.youtube.com/youtubei/v1/log_event?alt=json&key=AIzaSyAO_FJ2SlqU8Q4STEHLGCilw_Y9_11qcW8"}", source: chrome-extension://nphlliopfobfddkbiohifpjfhljjpiob/content.js (36)
[4256:4263:1004/204404.264359:WARNING:key_storage_linux.cc(178)] OSCrypt tried Libsecret but couldn't initialise.
[4883:313:1004/204432.207666:WARNING:crashpad_client_linux.cc(306)] prctl: Invalid argument (22)
[4102:4102:1004/204555.180642:INFO:CONSOLE(29)] "Closing window 0", source: chrome-extension://nphlliopfobfddkbiohifpjfhljjpiob/content.js (29)
[4256:4263:1004/204555.449860:WARNING:sqlite_persistent_store_backend_base.cc(172)] Failed to post task from FlushAndNotifyInBackground@net/extras/sqlite/sqlite_persistent_store_backend_base.cc:220 to client_task_runner_.
[4102:4102:1004/204555.457621:WARNING:pref_notifier_impl.cc(40)] Pref observer for media_router.cast_allow_all_ips found at shutdown.
